<?xml version="1.0" encoding="UTF-8"?>
<!-- Generated by org.testng.reporters.JUnitReportReporter -->
<testsuite hostname="BADHARIVI" failures="0" tests="2" name="test.Annotations" time="0.013" errors="0" timestamp="2021-03-08T14:47:53 IST" skipped="0">
  <testcase classname="test.Annotations" name="method2" time="0.003"/>
  <system-out/>
  <testcase classname="test.Annotations" name="method1" time="0.010"/>
  <system-out/>
</testsuite> <!-- test.Annotations -->
